<?xml version="1.0" encoding="utf-8"?><testsuites name="pytest tests"><testsuite name="pytest" errors="0" failures="1" skipped="1" tests="26" time="4.628" timestamp="2026-08-19T13:45:37.043875+00:00" hostname="agent-env-9a059b8f-e631-4b0c-b8f8-6a81c21a01fd"><testcase classname="tests.backend_test.TestEventInfo" name="test_root" time="0.333" /><testcase classname="tests.backend_test.TestEventInfo" name="test_event_info" time="0.077" /><testcase classname="tests.backend_test.TestBookingCreate" name="test_create_booking_and_persistence" time="0.165" /><testcase classname="tests.backend_test.TestBookingCreate" name="test_amount_scales_with_quantity" time="0.084" /><testcase classname="tests.backend_test.TestBookingCreate" name="test_invalid_email_rejected" time="0.073" /><testcase classname="tests.backend_test.TestBookingCreate" name="test_quantity_zero_rejected" time="0.077" /><testcase classname="tests.backend_test.TestBookingCreate" name="test_quantity_above_max_rejected" time="0.101" /><testcase classname="tests.backend_test.TestBookingCreate" name="test_wrong_pass_type_rejected" time="0.072" /><testcase classname="tests.backend_test.TestBookingCreate" name="test_over_quantity_returns_409" time="0.255"><skipped type="pytest.skip" message="remaining=39 &gt;= max quantity 10; cannot trigger 409 via API">/app/backend/tests/backend_test.py:141: remaining=39 &gt;= max quantity 10; cannot trigger 409 via API</skipped></testcase><testcase classname="tests.backend_test.TestBookingCreate" name="test_get_unknown_booking_404" time="0.071" /><testcase classname="tests.backend_test.TestUploadScreenshot" name="test_upload_and_status_change" time="0.232" /><testcase classname="tests.backend_test.TestUploadScreenshot" name="test_upload_non_image_rejected" time="0.159" /><testcase classname="tests.backend_test.TestUploadScreenshot" name="test_upload_unknown_booking_404" time="0.074" /><testcase classname="tests.backend_test.TestAdminAuth" name="test_login_wrong_password" time="0.073" /><testcase classname="tests.backend_test.TestAdminAuth" name="test_login_success" time="0.087" /><testcase classname="tests.backend_test.TestAdminAuth" name="test_list_without_header_401" time="0.078" /><testcase classname="tests.backend_test.TestAdminAuth" name="test_list_with_header" time="0.243" /><testcase classname="tests.backend_test.TestAdminActions" name="test_confirm_decrements_remaining" time="0.483" /><testcase classname="tests.backend_test.TestAdminActions" name="test_confirm_idempotent" time="0.404" /><testcase classname="tests.backend_test.TestAdminActions" name="test_confirm_unknown_404" time="0.075" /><testcase classname="tests.backend_test.TestAdminActions" name="test_confirm_without_auth_401" time="0.177" /><testcase classname="tests.backend_test.TestAdminActions" name="test_reject_flow_releases_hold" time="0.384" /><testcase classname="tests.backend_test.TestAdminActions" name="test_reject_unknown_booking_behaviour" time="0.079"><failure message="AssertionError: reject returned 200 for unknown booking (no existence check)&#10;assert 200 == 404&#10; +  where 200 = &lt;Response [200]&gt;.status_code">tests/backend_test.py:291: in test_reject_unknown_booking_behaviour
    assert r.status_code == 404, (
E   AssertionError: reject returned 200 for unknown booking (no existence check)
E   assert 200 == 404
E    +  where 200 = &lt;Response [200]&gt;.status_code</failure></testcase><testcase classname="tests.backend_test.TestAdminActions" name="test_admin_screenshot_data_url" time="0.249" /><testcase classname="tests.backend_test.TestAdminActions" name="test_admin_screenshot_missing_404" time="0.174" /><testcase classname="tests.backend_test.TestAdminActions" name="test_upload_after_confirm_rejected" time="0.239" /></testsuite></testsuites>