<?xml version="1.0" encoding="utf-8"?><testsuites name="pytest tests"><testsuite name="pytest" errors="0" failures="0" skipped="1" tests="30" time="3.410" timestamp="2026-08-19T14:41:37.850288+00:00" hostname="agent-env-9a059b8f-e631-4b0c-b8f8-6a81c21a01fd"><testcase classname="tests.backend_test.TestBookingCreate" name="test_create_booking_and_persistence" time="0.418" /><testcase classname="tests.backend_test.TestAdminActions" name="test_confirm_decrements_remaining" time="0.604" /><testcase classname="tests.backend_test.TestBookingCreate" name="test_amount_scales_with_quantity" time="0.092" /><testcase classname="tests.backend_test.TestBookingCreate" name="test_invalid_email_rejected" time="0.126" /><testcase classname="tests.backend_test.TestAdminActions" name="test_confirm_idempotent" time="0.269" /><testcase classname="tests.backend_test.TestBookingCreate" name="test_quantity_zero_rejected" time="0.077" /><testcase classname="tests.backend_test.TestBookingCreate" name="test_quantity_above_max_rejected" time="0.119" /><testcase classname="tests.backend_test.TestBookingCreate" name="test_wrong_pass_type_rejected" time="0.085" /><testcase classname="tests.backend_test.TestAdminActions" name="test_confirm_unknown_404" time="0.081" /><testcase classname="tests.backend_test.TestBookingCreate" name="test_over_quantity_returns_409" time="0.096"><skipped type="pytest.skip" message="remaining=36 &gt;= max quantity 10; cannot trigger 409 via API">/app/backend/tests/backend_test.py:142: remaining=36 &gt;= max quantity 10; cannot trigger 409 via API</skipped></testcase><testcase classname="tests.backend_test.TestAdminActions" name="test_confirm_without_auth_401" time="0.220" /><testcase classname="tests.backend_test.TestBookingCreate" name="test_get_unknown_booking_404" time="0.134" /><testcase classname="tests.backend_test.TestAdminAuth" name="test_login_wrong_password" time="0.087" /><testcase classname="tests.backend_test.TestAdminActions" name="test_reject_flow_releases_hold" time="0.523" /><testcase classname="tests.backend_test.TestAdminAuth" name="test_login_success" time="0.083" /><testcase classname="tests.backend_test.TestAdminAuth" name="test_list_without_header_401" time="0.142" /><testcase classname="tests.backend_test.TestAdminAuth" name="test_list_with_header" time="0.089" /><testcase classname="tests.backend_test.TestUploadScreenshot" name="test_upload_and_status_change" time="0.352" /><testcase classname="tests.backend_test.TestAdminActions" name="test_reject_unknown_booking_behaviour" time="0.076" /><testcase classname="tests.backend_test.TestAdminActions" name="test_admin_screenshot_data_url" time="0.242" /><testcase classname="tests.backend_test.TestUploadScreenshot" name="test_upload_non_image_rejected" time="0.277" /><testcase classname="tests.backend_test.TestAdminActions" name="test_admin_list_has_screenshot_flag_after_upload" time="0.248" /><testcase classname="tests.backend_test.TestUploadScreenshot" name="test_upload_unknown_booking_404" time="0.095" /><testcase classname="tests.backend_test.TestAdminActions" name="test_admin_screenshot_missing_404" time="0.154" /><testcase classname="tests.backend_test.TestWhatsAppShareUrls" name="test_create_booking_returns_share_urls" time="0.103" /><testcase classname="tests.backend_test.TestWhatsAppShareUrls" name="test_get_booking_returns_share_urls" time="0.185" /><testcase classname="tests.backend_test.TestAdminActions" name="test_upload_after_confirm_rejected" time="0.286" /><testcase classname="tests.backend_test.TestWhatsAppShareUrls" name="test_share_url_reflects_status_after_upload" time="0.258" /><testcase classname="tests.backend_test.TestEventInfo" name="test_root" time="0.071" /><testcase classname="tests.backend_test.TestEventInfo" name="test_event_info" time="0.105" /></testsuite></testsuites>